<?xml version="1.0" encoding="UTF-8"?>
<!-- Generated by org.testng.reporters.JUnitXMLReporter -->
<testsuite ignored="0" hostname="VenkiSiriBhuvan" failures="1" tests="1" name="SanityTesting(failed)" time="3.113" errors="0" timestamp="2024-11-05T20:26:04 IST">
  <testcase classname="practiceTestNG.NewTest2" name="verifyTitle" time="0.168">
    <failure type="java.lang.AssertionError" message="expected [rangeHRM - New Level of HR Management] but found [OrangeHRM - New Level of HR Management]">
      <![CDATA[java.lang.AssertionError: expected [rangeHRM - New Level of HR Management] but found [OrangeHRM - New Level of HR Management]
at practiceTestNG.NewTest2.verifyTitle(NewTest2.java:18)
at java.base/java.util.ArrayList.forEach(ArrayList.java:1511)
... Removed 31 stack frames]]>
    </failure>
  </testcase> <!-- verifyTitle -->
</testsuite> <!-- SanityTesting(failed) -->
