<?xml version="1.0" encoding="UTF-8"?>
<testng-results ignored="0" total="1" passed="1" failed="0" skipped="0">
  <reporter-output>
  </reporter-output>
  <suite started-at="2024-11-28T19:50:32 IST" name="Default suite" finished-at="2024-11-28T19:50:35 IST" duration-ms="3615">
    <groups>
    </groups>
    <test started-at="2024-11-28T19:50:32 IST" name="Default test" finished-at="2024-11-28T19:50:35 IST" duration-ms="3615">
      <class name="testng.VerifyWebTableWithExcelData">
        <test-method is-config="true" signature="launchBrowser()[pri:0, instance:testng.VerifyWebTableWithExcelData@4802796d]" started-at="2024-11-28T19:50:32 IST" name="launchBrowser" finished-at="2024-11-28T19:50:34 IST" duration-ms="2185" status="PASS">
          <reporter-output>
          </reporter-output>
        </test-method> <!-- launchBrowser -->
        <test-method signature="VerifyWebTableData()[pri:0, instance:testng.VerifyWebTableWithExcelData@4802796d]" started-at="2024-11-28T19:50:34 IST" name="VerifyWebTableData" finished-at="2024-11-28T19:50:35 IST" duration-ms="770" status="PASS">
          <reporter-output>
          </reporter-output>
        </test-method> <!-- VerifyWebTableData -->
        <test-method is-config="true" signature="closeBrowser()[pri:0, instance:testng.VerifyWebTableWithExcelData@4802796d]" started-at="2024-11-28T19:50:35 IST" name="closeBrowser" finished-at="2024-11-28T19:50:35 IST" duration-ms="615" status="PASS">
          <reporter-output>
          </reporter-output>
        </test-method> <!-- closeBrowser -->
      </class> <!-- testng.VerifyWebTableWithExcelData -->
    </test> <!-- Default test -->
  </suite> <!-- Default suite -->
</testng-results>
