<?xml version="1.0" encoding="UTF-8"?>
<!-- Generated by org.testng.reporters.JUnitXMLReporter -->
<testsuite ignored="4" hostname="VenkiSiriBhuvan" failures="0" tests="5" name="SanityTesting" time="0.072" errors="0" timestamp="2024-11-05T22:01:32 IST">
  <testcase classname="RunMultipleGroups.GroupTest1" name="login" time="0.013"/>
  <testcase classname="RunMultipleGroups.GroupTest1" name="searchMail" time="0.001"/>
  <testcase classname="RunMultipleGroups.GroupTest1" name="checkMail" time="0.001"/>
  <testcase classname="RunMultipleGroups.GroupTest2" name="checkDrafts" time="0.0"/>
  <testcase classname="RunMultipleGroups.GroupTest2" name="sentMail" time="0.001"/>
  <testcase classname="RunMultipleGroups.GroupTest2" name="deleteMail" time="0.0">
    <ignored/>
  </testcase> <!-- deleteMail -->
  <testcase classname="RunMultipleGroups.GroupTest2" name="composeMail" time="0.0">
    <ignored/>
  </testcase> <!-- composeMail -->
  <testcase classname="RunMultipleGroups.GroupTest1" name="password" time="0.0">
    <ignored/>
  </testcase> <!-- password -->
  <testcase classname="RunMultipleGroups.GroupTest1" name="userName" time="0.0">
    <ignored/>
  </testcase> <!-- userName -->
</testsuite> <!-- SanityTesting -->
